<?xml version="1.0" encoding="UTF-8"?>
<!-- Generated by org.testng.reporters.JUnitXMLReporter -->
<testsuite hostname="DESKTOP-RI13JPR" ignored="0" name="Default test" tests="12" failures="0" timestamp="2022-05-26T16:57:52 EDT" time="0.132" errors="0">
  <testcase name="enterCredentials" time="0.008" classname="testing_basics.Multiple_TestCases_Class"/>
  <testcase name="enterCredentials" time="0.002" classname="testing_basics.Multiple_TestCases_Class"/>
  <testcase name="enterCredentials" time="0.002" classname="testing_basics.Multiple_TestCases_Class"/>
  <testcase name="launchURL" time="0.002" classname="testing_basics.Multiple_TestCases_Class"/>
  <testcase name="launchURL" time="0.003" classname="testing_basics.Multiple_TestCases_Class"/>
  <testcase name="launchURL" time="0.002" classname="testing_basics.Multiple_TestCases_Class"/>
  <testcase name="logOut" time="0.002" classname="testing_basics.Multiple_TestCases_Class"/>
  <testcase name="logOut" time="0.001" classname="testing_basics.Multiple_TestCases_Class"/>
  <testcase name="logOut" time="0.001" classname="testing_basics.Multiple_TestCases_Class"/>
  <testcase name="validateLoginHomePage" time="0.007" classname="testing_basics.Multiple_TestCases_Class"/>
  <testcase name="validateLoginHomePage" time="0.002" classname="testing_basics.Multiple_TestCases_Class"/>
  <testcase name="validateLoginHomePage" time="0.001" classname="testing_basics.Multiple_TestCases_Class"/>
</testsuite> <!-- Default test -->
