<?xml version="1.0" encoding="UTF-8"?>
<testng-results skipped="0" failed="1" ignored="0" total="9" passed="8">
  <reporter-output>
  </reporter-output>
  <suite name="Suite" duration-ms="80312" started-at="2022-05-26T21:33:27 EDT" finished-at="2022-05-26T21:34:47 EDT">
    <groups>
    </groups>
    <test name="Test" duration-ms="80312" started-at="2022-05-26T21:33:27 EDT" finished-at="2022-05-26T21:34:47 EDT">
      <class name="testngxml_understanding.ParallelPart1">
        <test-method status="PASS" signature="testcase1()[pri:0, instance:testngxml_understanding.ParallelPart1@bd8db5a]" name="testcase1" duration-ms="17648" started-at="2022-05-26T21:33:27 EDT" finished-at="2022-05-26T21:33:45 EDT">
          <reporter-output>
          </reporter-output>
        </test-method> <!-- testcase1 -->
        <test-method status="PASS" signature="testcase1()[pri:0, instance:testngxml_understanding.ParallelPart1@bd8db5a]" name="testcase1" duration-ms="17678" started-at="2022-05-26T21:33:27 EDT" finished-at="2022-05-26T21:33:45 EDT">
          <reporter-output>
          </reporter-output>
        </test-method> <!-- testcase1 -->
        <test-method status="PASS" signature="testcase1()[pri:0, instance:testngxml_understanding.ParallelPart1@bd8db5a]" name="testcase1" duration-ms="16507" started-at="2022-05-26T21:33:27 EDT" finished-at="2022-05-26T21:33:43 EDT">
          <reporter-output>
          </reporter-output>
        </test-method> <!-- testcase1 -->
        <test-method status="FAIL" signature="testcase2()[pri:0, instance:testngxml_understanding.ParallelPart1@bd8db5a]" name="testcase2" duration-ms="40513" started-at="2022-05-26T21:33:27 EDT" finished-at="2022-05-26T21:34:07 EDT">
          <exception class="org.openqa.selenium.WebDriverException">
            <message>
              <![CDATA[target frame detached
  (Session info: chrome=102.0.5005.62)
Build info: version: '3.141.59', revision: 'e82be7d358', time: '2018-11-14T08:17:03'
System info: host: 'DESKTOP-RI13JPR', ip: '192.168.2.95', os.name: 'Windows 10', os.arch: 'amd64', os.version: '10.0', java.version: '1.8.0_202'
Driver info: org.openqa.selenium.chrome.ChromeDriver
Capabilities {acceptInsecureCerts: false, browserName: chrome, browserVersion: 102.0.5005.62, chrome: {chromedriverVersion: 102.0.5005.61 (0e59bcc00cc4..., userDataDir: C:\Users\VANDANA\AppData\Lo...}, goog:chromeOptions: {debuggerAddress: localhost:55133}, javascriptEnabled: true, networkConnectionEnabled: false, pageLoadStrategy: normal, platform: WINDOWS, platformName: WINDOWS, proxy: Proxy(), setWindowRect: true, strictFileInteractability: false, timeouts: {implicit: 0, pageLoad: 300000, script: 30000}, unhandledPromptBehavior: dismiss and notify, webauthn:extension:credBlob: true, webauthn:extension:largeBlob: true, webauthn:virtualAuthenticators: true}
Session ID: 7d2a45e7d11b00dfb719101a65c73210]]>
            </message>
            <full-stacktrace>
              <![CDATA[org.openqa.selenium.WebDriverException: target frame detached
  (Session info: chrome=102.0.5005.62)
Build info: version: '3.141.59', revision: 'e82be7d358', time: '2018-11-14T08:17:03'
System info: host: 'DESKTOP-RI13JPR', ip: '192.168.2.95', os.name: 'Windows 10', os.arch: 'amd64', os.version: '10.0', java.version: '1.8.0_202'
Driver info: org.openqa.selenium.chrome.ChromeDriver
Capabilities {acceptInsecureCerts: false, browserName: chrome, browserVersion: 102.0.5005.62, chrome: {chromedriverVersion: 102.0.5005.61 (0e59bcc00cc4..., userDataDir: C:\Users\VANDANA\AppData\Lo...}, goog:chromeOptions: {debuggerAddress: localhost:55133}, javascriptEnabled: true, networkConnectionEnabled: false, pageLoadStrategy: normal, platform: WINDOWS, platformName: WINDOWS, proxy: Proxy(), setWindowRect: true, strictFileInteractability: false, timeouts: {implicit: 0, pageLoad: 300000, script: 30000}, unhandledPromptBehavior: dismiss and notify, webauthn:extension:credBlob: true, webauthn:extension:largeBlob: true, webauthn:virtualAuthenticators: true}
Session ID: 7d2a45e7d11b00dfb719101a65c73210
at sun.reflect.NativeConstructorAccessorImpl.newInstance0(Native Method)
at sun.reflect.NativeConstructorAccessorImpl.newInstance(NativeConstructorAccessorImpl.java:62)
at sun.reflect.DelegatingConstructorAccessorImpl.newInstance(DelegatingConstructorAccessorImpl.java:45)
at java.lang.reflect.Constructor.newInstance(Constructor.java:423)
at org.openqa.selenium.remote.http.W3CHttpResponseCodec.createException(W3CHttpResponseCodec.java:187)
at org.openqa.selenium.remote.http.W3CHttpResponseCodec.decode(W3CHttpResponseCodec.java:122)
at org.openqa.selenium.remote.http.W3CHttpResponseCodec.decode(W3CHttpResponseCodec.java:49)
at org.openqa.selenium.remote.HttpCommandExecutor.execute(HttpCommandExecutor.java:158)
at org.openqa.selenium.remote.service.DriverCommandExecutor.execute(DriverCommandExecutor.java:83)
at org.openqa.selenium.remote.RemoteWebDriver.execute(RemoteWebDriver.java:552)
at org.openqa.selenium.remote.RemoteWebDriver.get(RemoteWebDriver.java:277)
at testngxml_understanding.ParallelPart1.testcase2(ParallelPart1.java:26)
at sun.reflect.NativeMethodAccessorImpl.invoke0(Native Method)
at sun.reflect.NativeMethodAccessorImpl.invoke(NativeMethodAccessorImpl.java:62)
at sun.reflect.DelegatingMethodAccessorImpl.invoke(DelegatingMethodAccessorImpl.java:43)
at java.lang.reflect.Method.invoke(Method.java:498)
at org.testng.internal.MethodInvocationHelper.invokeMethod(MethodInvocationHelper.java:133)
at org.testng.internal.TestInvoker.invokeMethod(TestInvoker.java:598)
at org.testng.internal.TestInvoker.invokeTestMethod(TestInvoker.java:173)
at org.testng.internal.MethodRunner.runInSequence(MethodRunner.java:46)
at org.testng.internal.TestInvoker$MethodInvocationAgent.invoke(TestInvoker.java:824)
at org.testng.internal.TestInvoker.invokeTestMethods(TestInvoker.java:146)
at org.testng.internal.TestMethodWorker.invokeTestMethods(TestMethodWorker.java:146)
at org.testng.internal.TestMethodWorker.run(TestMethodWorker.java:128)
at org.testng.internal.thread.ThreadUtil.lambda$execute$0(ThreadUtil.java:64)
at java.util.concurrent.FutureTask.run(FutureTask.java:266)
at java.util.concurrent.ThreadPoolExecutor.runWorker(ThreadPoolExecutor.java:1149)
at java.util.concurrent.ThreadPoolExecutor$Worker.run(ThreadPoolExecutor.java:624)
at java.lang.Thread.run(Thread.java:748)
]]>
            </full-stacktrace>
          </exception> <!-- org.openqa.selenium.WebDriverException -->
          <reporter-output>
          </reporter-output>
        </test-method> <!-- testcase2 -->
        <test-method status="PASS" signature="testcase2()[pri:0, instance:testngxml_understanding.ParallelPart1@bd8db5a]" name="testcase2" duration-ms="16642" started-at="2022-05-26T21:33:27 EDT" finished-at="2022-05-26T21:33:44 EDT">
          <reporter-output>
          </reporter-output>
        </test-method> <!-- testcase2 -->
        <test-method status="PASS" signature="testcase2()[pri:0, instance:testngxml_understanding.ParallelPart1@bd8db5a]" name="testcase2" duration-ms="22060" started-at="2022-05-26T21:33:27 EDT" finished-at="2022-05-26T21:33:49 EDT">
          <reporter-output>
          </reporter-output>
        </test-method> <!-- testcase2 -->
        <test-method status="PASS" signature="testcase3()[pri:0, instance:testngxml_understanding.ParallelPart1@bd8db5a]" name="testcase3" duration-ms="42006" started-at="2022-05-26T21:33:45 EDT" finished-at="2022-05-26T21:34:27 EDT">
          <reporter-output>
          </reporter-output>
        </test-method> <!-- testcase3 -->
        <test-method status="PASS" signature="testcase3()[pri:0, instance:testngxml_understanding.ParallelPart1@bd8db5a]" name="testcase3" duration-ms="52178" started-at="2022-05-26T21:33:45 EDT" finished-at="2022-05-26T21:34:37 EDT">
          <reporter-output>
          </reporter-output>
        </test-method> <!-- testcase3 -->
        <test-method status="PASS" signature="testcase3()[pri:0, instance:testngxml_understanding.ParallelPart1@bd8db5a]" name="testcase3" duration-ms="62482" started-at="2022-05-26T21:33:45 EDT" finished-at="2022-05-26T21:34:47 EDT">
          <reporter-output>
          </reporter-output>
        </test-method> <!-- testcase3 -->
      </class> <!-- testngxml_understanding.ParallelPart1 -->
    </test> <!-- Test -->
  </suite> <!-- Suite -->
</testng-results>
